
> @gratonite/web@0.1.0 build /Users/ferdinand/Projects/Gratonite Project Folder/apps/web
> vite build

[33mThe CJS build of Vite's Node API is deprecated. See https://vite.dev/guide/troubleshooting.html#vite-cjs-node-api-deprecated for more details.[39m
vite v5.4.21 building for production...
transforming...
✓ 277 modules transformed.
rendering chunks...
computing gzip size...
dist/public/redirect.html                             0.49 kB │ gzip:   0.28 kB
dist/index.html                                       0.93 kB │ gzip:   0.44 kB
dist/assets/gratonitepics-appicon-256-F14TASei.png   96.77 kB
dist/assets/main-B4vrBokR.css                       215.10 kB │ gzip:  36.19 kB
dist/assets/format-DJ1j_XUM.js                        0.12 kB │ gzip:   0.12 kB
dist/assets/useGuilds-L8bdce8A.js                     0.39 kB │ gzip:   0.28 kB
dist/assets/Button-CUp8YuNv.js                        0.39 kB │ gzip:   0.28 kB
dist/assets/AuthLayout-CHJ1Imvu.js                    0.44 kB │ gzip:   0.26 kB
dist/assets/members.store-BNUwktQI.js                 0.45 kB │ gzip:   0.24 kB
dist/assets/GuildIcon-DXYB8038.js                     0.47 kB │ gzip:   0.34 kB
dist/assets/useGuildMembers-Dn-1a50D.js               0.80 kB │ gzip:   0.37 kB
dist/assets/Input-BVy_Bqbn.js                         0.83 kB │ gzip:   0.46 kB
dist/assets/Avatar-M4EGHpu8.js                        0.96 kB │ gzip:   0.45 kB
dist/assets/GuildPage-CUsl3uAn.js                     1.02 kB │ gzip:   0.61 kB
dist/assets/VerifyEmailPendingPage-DhSRL8yb.js        1.54 kB │ gzip:   0.78 kB
dist/assets/VerifyEmailConfirmPage-oBaGoqu9.js        1.75 kB │ gzip:   0.80 kB
dist/assets/ui.store-D9JZ1njq.js                      1.78 kB │ gzip:   0.51 kB
dist/assets/LeaderboardPage-mG2ECwWN.js               2.00 kB │ gzip:   0.86 kB
dist/assets/utils-CZyCNO63.js                         2.11 kB │ gzip:   0.97 kB
dist/assets/InvitePage-a-NiMPRS.js                    2.35 kB │ gzip:   0.98 kB
dist/assets/CompleteAccountSetupPage-BjFNZIiv.js      2.84 kB │ gzip:   1.25 kB
dist/assets/LoginPage-CyivQ_Fn.js                     2.90 kB │ gzip:   1.35 kB
dist/assets/RegisterPage-TqZ9xefi.js                  3.17 kB │ gzip:   1.47 kB
dist/assets/avatarStudio-DjZ95d-g.js                  3.31 kB │ gzip:   1.28 kB
dist/assets/DisplayNameText-DdovHDug.js               3.90 kB │ gzip:   1.52 kB
dist/assets/BugInboxPage-CiTHUSxl.js                  4.15 kB │ gzip:   1.45 kB
dist/assets/MfaSettingsCard-pjVe1OQf.js               4.67 kB │ gzip:   1.43 kB
dist/assets/GratoniteDashboard-C4R9iZIA.js            4.67 kB │ gzip:   1.48 kB
dist/assets/FriendsPage-BGwakBvD.js                   5.22 kB │ gzip:   1.63 kB
dist/assets/BlogPage-BrFjAMAG.js                      5.82 kB │ gzip:   2.14 kB
dist/assets/AdminShopPage-IpSWTmjG.js                 5.95 kB │ gzip:   2.20 kB
dist/assets/ProfilePopover-DSkFilxo.js                8.33 kB │ gzip:   2.85 kB
dist/assets/NotificationsPage-CJlhGREa.js            12.87 kB │ gzip:   3.16 kB
dist/assets/DiscoverPage-D6dZ8WCx.js                 14.45 kB │ gzip:   4.49 kB
dist/assets/ShopPage-EIFkzTCx.js                     16.48 kB │ gzip:   3.67 kB
dist/assets/SettingsPage-Cd3QtpW1.js                 31.59 kB │ gzip:   6.77 kB
dist/assets/socket-CyTcV1HU.js                       41.25 kB │ gzip:  12.89 kB
dist/assets/state-dMsij4si.js                        43.52 kB │ gzip:  13.20 kB
dist/assets/ChannelPage-DCUTdxca.js                  94.58 kB │ gzip:  29.17 kB
dist/assets/vendor-I7ZWwWnE.js                      164.83 kB │ gzip:  53.81 kB
dist/assets/AppLayout-BEAKyMyh.js                   190.89 kB │ gzip:  45.49 kB
dist/assets/main-CEBL1jNL.js                        492.90 kB │ gzip: 130.35 kB
✓ built in 1.70s
